  DarkGL.cpp
C:\dev\GameDev\Dark_0\Dark_0\src\GameSystem\Creative\Model3D.h(60,62): warning C4267: 'return': conversion from 'size_t' to 'unsigned int', possible loss of data
  (compiling source file 'DarkGL.cpp')
  
C:\dev\GameDev\Dark_0\Dark_0\src\GameSystem\Creative\Model3D.h(61,60): warning C4267: 'return': conversion from 'size_t' to 'unsigned int', possible loss of data
  (compiling source file 'DarkGL.cpp')
  
C:\dev\GameDev\Dark_0\Dark_0\src\GameSystem\Creative\AppComponent.h(12,23): warning C4305: 'initializing': truncation from 'double' to 'float'
  (compiling source file 'DarkGL.cpp')
  
C:\dev\GameDev\Dark_0\Dark_0\DarkGL.cpp(58,37): warning C4244: 'argument': conversion from 'double' to 'float', possible loss of data
  main.cpp
C:\dev\GameDev\Dark_0\Dark_0\src\GameSystem\Creative\Model3D.h(60,62): warning C4267: 'return': conversion from 'size_t' to 'unsigned int', possible loss of data
  (compiling source file 'main.cpp')
  
C:\dev\GameDev\Dark_0\Dark_0\src\GameSystem\Creative\Model3D.h(61,60): warning C4267: 'return': conversion from 'size_t' to 'unsigned int', possible loss of data
  (compiling source file 'main.cpp')
  
C:\dev\GameDev\Dark_0\Dark_0\src\GameSystem\Creative\AppComponent.h(12,23): warning C4305: 'initializing': truncation from 'double' to 'float'
  (compiling source file 'main.cpp')
  
  UBO.cpp
C:\dev\GameDev\Dark_0\Dark_0\src\GameSystem\Creative\Model3D.h(60,62): warning C4267: 'return': conversion from 'size_t' to 'unsigned int', possible loss of data
  (compiling source file 'src/RenderSystem/Data/UBO.cpp')
  
C:\dev\GameDev\Dark_0\Dark_0\src\GameSystem\Creative\Model3D.h(61,60): warning C4267: 'return': conversion from 'size_t' to 'unsigned int', possible loss of data
  (compiling source file 'src/RenderSystem/Data/UBO.cpp')
  
C:\dev\GameDev\Dark_0\Dark_0\src\GameSystem\Creative\AppComponent.h(12,23): warning C4305: 'initializing': truncation from 'double' to 'float'
  (compiling source file 'src/RenderSystem/Data/UBO.cpp')
  
  VertexArray.cpp
C:\dev\GameDev\Dark_0\Dark_0\src\GameSystem\Creative\Model3D.h(60,62): warning C4267: 'return': conversion from 'size_t' to 'unsigned int', possible loss of data
  (compiling source file 'src/RenderSystem/Data/VertexArray.cpp')
  
C:\dev\GameDev\Dark_0\Dark_0\src\GameSystem\Creative\Model3D.h(61,60): warning C4267: 'return': conversion from 'size_t' to 'unsigned int', possible loss of data
  (compiling source file 'src/RenderSystem/Data/VertexArray.cpp')
  
C:\dev\GameDev\Dark_0\Dark_0\src\GameSystem\Creative\AppComponent.h(12,23): warning C4305: 'initializing': truncation from 'double' to 'float'
  (compiling source file 'src/RenderSystem/Data/VertexArray.cpp')
  
C:\dev\GameDev\Dark_0\Dark_0\src\RenderSystem\Data\VertexArray.cpp(57,105): warning C4267: 'argument': conversion from 'size_t' to 'GLuint', possible loss of data
  MainGui.cpp
C:\dev\GameDev\Dark_0\Dark_0\src\GameSystem\Creative\Model3D.h(60,62): warning C4267: 'return': conversion from 'size_t' to 'unsigned int', possible loss of data
  (compiling source file 'src/RenderSystem/GUI/MainGui.cpp')
  
C:\dev\GameDev\Dark_0\Dark_0\src\GameSystem\Creative\Model3D.h(61,60): warning C4267: 'return': conversion from 'size_t' to 'unsigned int', possible loss of data
  (compiling source file 'src/RenderSystem/GUI/MainGui.cpp')
  
C:\dev\GameDev\Dark_0\Dark_0\src\GameSystem\Creative\AppComponent.h(12,23): warning C4305: 'initializing': truncation from 'double' to 'float'
  (compiling source file 'src/RenderSystem/GUI/MainGui.cpp')
  
  RenderSystem.cpp
C:\dev\GameDev\Dark_0\Dark_0\src\GameSystem\Creative\Model3D.h(60,62): warning C4267: 'return': conversion from 'size_t' to 'unsigned int', possible loss of data
  (compiling source file 'src/RenderSystem/RenderSystem.cpp')
  
C:\dev\GameDev\Dark_0\Dark_0\src\GameSystem\Creative\Model3D.h(61,60): warning C4267: 'return': conversion from 'size_t' to 'unsigned int', possible loss of data
  (compiling source file 'src/RenderSystem/RenderSystem.cpp')
  
C:\dev\GameDev\Dark_0\Dark_0\src\GameSystem\Creative\AppComponent.h(12,23): warning C4305: 'initializing': truncation from 'double' to 'float'
  (compiling source file 'src/RenderSystem/RenderSystem.cpp')
  
  Texture.cpp
C:\dev\GameDev\Dark_0\Dark_0\src\GameSystem\Creative\Model3D.h(60,62): warning C4267: 'return': conversion from 'size_t' to 'unsigned int', possible loss of data
  (compiling source file 'src/RenderSystem/Texture/Texture.cpp')
  
C:\dev\GameDev\Dark_0\Dark_0\src\GameSystem\Creative\Model3D.h(61,60): warning C4267: 'return': conversion from 'size_t' to 'unsigned int', possible loss of data
  (compiling source file 'src/RenderSystem/Texture/Texture.cpp')
  
C:\dev\GameDev\Dark_0\Dark_0\src\GameSystem\Creative\AppComponent.h(12,23): warning C4305: 'initializing': truncation from 'double' to 'float'
  (compiling source file 'src/RenderSystem/Texture/Texture.cpp')
  
  TestClearColor.cpp
C:\dev\GameDev\Dark_0\Dark_0\src\GameSystem\Creative\Model3D.h(60,62): warning C4267: 'return': conversion from 'size_t' to 'unsigned int', possible loss of data
  (compiling source file 'src/Tests/TestClearColor.cpp')
  
C:\dev\GameDev\Dark_0\Dark_0\src\GameSystem\Creative\Model3D.h(61,60): warning C4267: 'return': conversion from 'size_t' to 'unsigned int', possible loss of data
  (compiling source file 'src/Tests/TestClearColor.cpp')
  
C:\dev\GameDev\Dark_0\Dark_0\src\GameSystem\Creative\AppComponent.h(12,23): warning C4305: 'initializing': truncation from 'double' to 'float'
  (compiling source file 'src/Tests/TestClearColor.cpp')
  
  TestTexture2D.cpp
C:\dev\GameDev\Dark_0\Dark_0\src\GameSystem\Creative\Model3D.h(60,62): warning C4267: 'return': conversion from 'size_t' to 'unsigned int', possible loss of data
  (compiling source file 'src/Tests/TestTexture2D.cpp')
  
C:\dev\GameDev\Dark_0\Dark_0\src\GameSystem\Creative\Model3D.h(61,60): warning C4267: 'return': conversion from 'size_t' to 'unsigned int', possible loss of data
  (compiling source file 'src/Tests/TestTexture2D.cpp')
  
C:\dev\GameDev\Dark_0\Dark_0\src\GameSystem\Creative\AppComponent.h(12,23): warning C4305: 'initializing': truncation from 'double' to 'float'
  (compiling source file 'src/Tests/TestTexture2D.cpp')
  
  Generating Code...
  Dark_0.vcxproj -> C:\dev\GameDev\Dark_0\x64\Debug\Dark_0.exe
